<?xml version="1.0" encoding="UTF-8"?>
<testng-results skipped="0" failed="0" ignored="0" total="1" passed="1">
  <reporter-output>
  </reporter-output>
  <suite name="Default suite" duration-ms="27304" started-at="2019-12-18T07:12:51 IST" finished-at="2019-12-18T07:13:18 IST">
    <groups>
    </groups>
    <test name="Default test" duration-ms="27304" started-at="2019-12-18T07:12:51 IST" finished-at="2019-12-18T07:13:18 IST">
      <class name="errorScreenShots.ScreenshotOnFailure">
        <test-method status="PASS" signature="setUp()[pri:0, instance:errorScreenShots.ScreenshotOnFailure@2b2948e2]" name="setUp" is-config="true" duration-ms="14315" started-at="2019-12-18T07:12:51 IST" finished-at="2019-12-18T07:13:06 IST">
          <reporter-output>
          </reporter-output>
        </test-method> <!-- setUp -->
        <test-method status="PASS" signature="getScreenshot()[pri:0, instance:errorScreenShots.ScreenshotOnFailure@2b2948e2]" name="getScreenshot" duration-ms="11971" started-at="2019-12-18T07:13:06 IST" finished-at="2019-12-18T07:13:18 IST">
          <reporter-output>
          </reporter-output>
        </test-method> <!-- getScreenshot -->
        <test-method status="PASS" signature="tearDown()[pri:0, instance:errorScreenShots.ScreenshotOnFailure@2b2948e2]" name="tearDown" is-config="true" duration-ms="912" started-at="2019-12-18T07:13:18 IST" finished-at="2019-12-18T07:13:18 IST">
          <reporter-output>
          </reporter-output>
        </test-method> <!-- tearDown -->
      </class> <!-- errorScreenShots.ScreenshotOnFailure -->
    </test> <!-- Default test -->
  </suite> <!-- Default suite -->
</testng-results>
