<?xml version="1.0" encoding="UTF-8"?>
<testng-results skipped="0" failed="0" ignored="0" total="8" passed="8">
  <reporter-output>
    <line>
      <![CDATA[Clicked on Image Link]]>
    </line>
    <line>
      <![CDATA[Clicked on Image Link]]>
    </line>
  </reporter-output>
  <suite name="regresionSuite" duration-ms="233514" started-at="2020-01-02T01:51:13Z" finished-at="2020-01-02T01:55:07Z">
    <groups>
    </groups>
    <test name="chromeTest" duration-ms="64809" started-at="2020-01-02T01:51:13Z" finished-at="2020-01-02T01:52:18Z">
      <class name="com.testng.CheckBox1">
        <test-method status="PASS" signature="beforeMethod(java.lang.String)[pri:0, instance:com.testng.CheckBox1@3b938003]" name="beforeMethod" is-config="true" duration-ms="16385" started-at="2020-01-02T01:51:13Z" finished-at="2020-01-02T01:51:30Z">
          <params>
            <param index="0">
              <value>
                <![CDATA[chrome]]>
              </value>
            </param>
          </params>
          <reporter-output>
          </reporter-output>
        </test-method> <!-- beforeMethod -->
        <test-method status="PASS" signature="checkboxTest()[pri:0, instance:com.testng.CheckBox1@3b938003]" name="checkboxTest" duration-ms="234" started-at="2020-01-02T01:51:30Z" finished-at="2020-01-02T01:51:30Z">
          <reporter-output>
          </reporter-output>
        </test-method> <!-- checkboxTest -->
        <test-method status="PASS" signature="afterMethod()[pri:0, instance:com.testng.CheckBox1@3b938003]" name="afterMethod" is-config="true" duration-ms="1464" started-at="2020-01-02T01:51:30Z" finished-at="2020-01-02T01:51:32Z">
          <reporter-output>
          </reporter-output>
        </test-method> <!-- afterMethod -->
      </class> <!-- com.testng.CheckBox1 -->
      <class name="com.testng.LinksTesting1">
        <test-method status="PASS" signature="setup(java.lang.String)[pri:0, instance:com.testng.LinksTesting1@6f3b5d16]" name="setup" is-config="true" duration-ms="10690" started-at="2020-01-02T01:51:32Z" finished-at="2020-01-02T01:51:42Z">
          <params>
            <param index="0">
              <value>
                <![CDATA[chrome]]>
              </value>
            </param>
          </params>
          <reporter-output>
          </reporter-output>
        </test-method> <!-- setup -->
        <test-method status="PASS" signature="linktesting1()[pri:0, instance:com.testng.LinksTesting1@6f3b5d16]" name="linktesting1" duration-ms="1294" started-at="2020-01-02T01:51:42Z" finished-at="2020-01-02T01:51:44Z">
          <reporter-output>
            <line>
              <![CDATA[Clicked on Image Link]]>
            </line>
          </reporter-output>
        </test-method> <!-- linktesting1 -->
        <test-method status="PASS" signature="tearDown()[pri:0, instance:com.testng.LinksTesting1@6f3b5d16]" name="tearDown" is-config="true" duration-ms="832" started-at="2020-01-02T01:51:44Z" finished-at="2020-01-02T01:51:44Z">
          <reporter-output>
          </reporter-output>
        </test-method> <!-- tearDown -->
      </class> <!-- com.testng.LinksTesting1 -->
      <class name="com.testng.TC_003">
        <test-method status="PASS" signature="startProcess(java.lang.String)[pri:0, instance:com.testng.TC_003@78b1cc93]" name="startProcess" is-config="true" duration-ms="14036" started-at="2020-01-02T01:51:44Z" finished-at="2020-01-02T01:51:58Z">
          <params>
            <param index="0">
              <value>
                <![CDATA[chrome]]>
              </value>
            </param>
          </params>
          <reporter-output>
          </reporter-output>
        </test-method> <!-- startProcess -->
        <test-method status="PASS" signature="amazon()[pri:0, instance:com.testng.TC_003@78b1cc93]" name="amazon" duration-ms="3839" started-at="2020-01-02T01:51:58Z" finished-at="2020-01-02T01:52:02Z">
          <reporter-output>
          </reporter-output>
        </test-method> <!-- amazon -->
        <test-method status="PASS" signature="endProcess()[pri:0, instance:com.testng.TC_003@78b1cc93]" name="endProcess" is-config="true" duration-ms="768" started-at="2020-01-02T01:52:02Z" finished-at="2020-01-02T01:52:03Z">
          <reporter-output>
          </reporter-output>
        </test-method> <!-- endProcess -->
      </class> <!-- com.testng.TC_003 -->
      <class name="com.testng.RadioButton1">
        <test-method status="PASS" signature="beforeMethod(java.lang.String)[pri:0, instance:com.testng.RadioButton1@6646153]" name="beforeMethod" is-config="true" duration-ms="14240" started-at="2020-01-02T01:52:03Z" finished-at="2020-01-02T01:52:17Z">
          <params>
            <param index="0">
              <value>
                <![CDATA[chrome]]>
              </value>
            </param>
          </params>
          <reporter-output>
          </reporter-output>
        </test-method> <!-- beforeMethod -->
        <test-method status="PASS" signature="checkboxTest()[pri:0, instance:com.testng.RadioButton1@6646153]" name="checkboxTest" duration-ms="174" started-at="2020-01-02T01:52:17Z" finished-at="2020-01-02T01:52:17Z">
          <reporter-output>
          </reporter-output>
        </test-method> <!-- checkboxTest -->
        <test-method status="PASS" signature="afterMethod()[pri:0, instance:com.testng.RadioButton1@6646153]" name="afterMethod" is-config="true" duration-ms="785" started-at="2020-01-02T01:52:17Z" finished-at="2020-01-02T01:52:18Z">
          <reporter-output>
          </reporter-output>
        </test-method> <!-- afterMethod -->
      </class> <!-- com.testng.RadioButton1 -->
    </test> <!-- chromeTest -->
    <test name="FirefoxTest" duration-ms="168644" started-at="2020-01-02T01:52:18Z" finished-at="2020-01-02T01:55:07Z">
      <class name="com.testng.CheckBox1">
        <test-method status="PASS" signature="beforeMethod(java.lang.String)[pri:0, instance:com.testng.CheckBox1@79ca92b9]" name="beforeMethod" is-config="true" duration-ms="50614" started-at="2020-01-02T01:52:18Z" finished-at="2020-01-02T01:53:09Z">
          <params>
            <param index="0">
              <value>
                <![CDATA[firefox]]>
              </value>
            </param>
          </params>
          <reporter-output>
          </reporter-output>
        </test-method> <!-- beforeMethod -->
        <test-method status="PASS" signature="checkboxTest()[pri:0, instance:com.testng.CheckBox1@79ca92b9]" name="checkboxTest" duration-ms="539" started-at="2020-01-02T01:53:09Z" finished-at="2020-01-02T01:53:09Z">
          <reporter-output>
          </reporter-output>
        </test-method> <!-- checkboxTest -->
        <test-method status="PASS" signature="afterMethod()[pri:0, instance:com.testng.CheckBox1@79ca92b9]" name="afterMethod" is-config="true" duration-ms="3794" started-at="2020-01-02T01:53:09Z" finished-at="2020-01-02T01:53:13Z">
          <reporter-output>
          </reporter-output>
        </test-method> <!-- afterMethod -->
      </class> <!-- com.testng.CheckBox1 -->
      <class name="com.testng.LinksTesting1">
        <test-method status="PASS" signature="setup(java.lang.String)[pri:0, instance:com.testng.LinksTesting1@1460a8c0]" name="setup" is-config="true" duration-ms="31770" started-at="2020-01-02T01:53:13Z" finished-at="2020-01-02T01:53:45Z">
          <params>
            <param index="0">
              <value>
                <![CDATA[firefox]]>
              </value>
            </param>
          </params>
          <reporter-output>
          </reporter-output>
        </test-method> <!-- setup -->
        <test-method status="PASS" signature="linktesting1()[pri:0, instance:com.testng.LinksTesting1@1460a8c0]" name="linktesting1" duration-ms="908" started-at="2020-01-02T01:53:45Z" finished-at="2020-01-02T01:53:46Z">
          <reporter-output>
            <line>
              <![CDATA[Clicked on Image Link]]>
            </line>
          </reporter-output>
        </test-method> <!-- linktesting1 -->
        <test-method status="PASS" signature="tearDown()[pri:0, instance:com.testng.LinksTesting1@1460a8c0]" name="tearDown" is-config="true" duration-ms="3147" started-at="2020-01-02T01:53:46Z" finished-at="2020-01-02T01:53:49Z">
          <reporter-output>
          </reporter-output>
        </test-method> <!-- tearDown -->
      </class> <!-- com.testng.LinksTesting1 -->
      <class name="com.testng.TC_003">
        <test-method status="PASS" signature="startProcess(java.lang.String)[pri:0, instance:com.testng.TC_003@4f638935]" name="startProcess" is-config="true" duration-ms="34817" started-at="2020-01-02T01:53:49Z" finished-at="2020-01-02T01:54:24Z">
          <params>
            <param index="0">
              <value>
                <![CDATA[firefox]]>
              </value>
            </param>
          </params>
          <reporter-output>
          </reporter-output>
        </test-method> <!-- startProcess -->
        <test-method status="PASS" signature="amazon()[pri:0, instance:com.testng.TC_003@4f638935]" name="amazon" duration-ms="2677" started-at="2020-01-02T01:54:24Z" finished-at="2020-01-02T01:54:27Z">
          <reporter-output>
          </reporter-output>
        </test-method> <!-- amazon -->
        <test-method status="PASS" signature="endProcess()[pri:0, instance:com.testng.TC_003@4f638935]" name="endProcess" is-config="true" duration-ms="3763" started-at="2020-01-02T01:54:27Z" finished-at="2020-01-02T01:54:30Z">
          <reporter-output>
          </reporter-output>
        </test-method> <!-- endProcess -->
      </class> <!-- com.testng.TC_003 -->
      <class name="com.testng.RadioButton1">
        <test-method status="PASS" signature="beforeMethod(java.lang.String)[pri:0, instance:com.testng.RadioButton1@4387b79e]" name="beforeMethod" is-config="true" duration-ms="33138" started-at="2020-01-02T01:54:30Z" finished-at="2020-01-02T01:55:03Z">
          <params>
            <param index="0">
              <value>
                <![CDATA[firefox]]>
              </value>
            </param>
          </params>
          <reporter-output>
          </reporter-output>
        </test-method> <!-- beforeMethod -->
        <test-method status="PASS" signature="checkboxTest()[pri:0, instance:com.testng.RadioButton1@4387b79e]" name="checkboxTest" duration-ms="393" started-at="2020-01-02T01:55:03Z" finished-at="2020-01-02T01:55:04Z">
          <reporter-output>
          </reporter-output>
        </test-method> <!-- checkboxTest -->
        <test-method status="PASS" signature="afterMethod()[pri:0, instance:com.testng.RadioButton1@4387b79e]" name="afterMethod" is-config="true" duration-ms="3069" started-at="2020-01-02T01:55:04Z" finished-at="2020-01-02T01:55:07Z">
          <reporter-output>
          </reporter-output>
        </test-method> <!-- afterMethod -->
      </class> <!-- com.testng.RadioButton1 -->
    </test> <!-- FirefoxTest -->
  </suite> <!-- regresionSuite -->
</testng-results>
