<?xml version="1.0" encoding="UTF-8"?>
<!-- Generated by org.testng.reporters.JUnitXMLReporter -->
<testsuite hostname="DESKTOP-27L8JE7" ignored="0" name="Default test" tests="3" failures="0" timestamp="13 Jan 2020 01:52:54 GMT" time="1.975" errors="0">
  <testcase name="f" time="0.016" classname="com.excelLibraries.TC_004"/>
  <testcase name="f" time="0.01" classname="com.excelLibraries.TC_004"/>
  <testcase name="f" time="0.002" classname="com.excelLibraries.TC_004"/>
</testsuite> <!-- Default test -->
