<?xml version="1.0" encoding="UTF-8"?>
<!-- Generated by org.testng.reporters.JUnitXMLReporter -->
<testsuite hostname="DESKTOP-27L8JE7" ignored="1" name="Default test" tests="2" failures="0" timestamp="31 Dec 2019 01:57:29 GMT" time="0.096" errors="0">
  <testcase name="f" time="0.02" classname="com.project.December2019MavenProject.TC_002"/>
  <testcase name="a" time="0.003" classname="com.project.December2019MavenProject.TC_002"/>
  <testcase name="z" time="0.0" classname="com.project.December2019MavenProject.TC_002">
    <ignored/>
  </testcase> <!-- z -->
</testsuite> <!-- Default test -->
