<?xml version="1.0" encoding="UTF-8"?>
<!-- Generated by org.testng.reporters.JUnitXMLReporter -->
<testsuite hostname="DESKTOP-27L8JE7" ignored="0" name="Test" tests="4" failures="0" timestamp="02 Jan 2020 01:41:47 GMT" time="68.113" errors="0">
  <testcase name="checkboxTest" time="0.28" classname="com.testng.CheckBox1"/>
  <testcase name="linktesting1" time="1.463" classname="com.testng.LinksTesting1"/>
  <testcase name="amazon" time="3.628" classname="com.testng.TC_003"/>
  <testcase name="checkboxTest" time="0.167" classname="com.testng.RadioButton1"/>
</testsuite> <!-- Test -->
